c:\users\kin23\onedrive\바탕 화면\쥬신수업\프로젝트\kingdomhearts3\client\default\x64\release\client.pch
c:\users\kin23\onedrive\바탕 화면\쥬신수업\프로젝트\kingdomhearts3\client\default\x64\release\vc140.pdb
c:\users\kin23\onedrive\바탕 화면\쥬신수업\프로젝트\kingdomhearts3\client\default\x64\release\stdafx.obj
c:\users\kin23\onedrive\바탕 화면\쥬신수업\프로젝트\kingdomhearts3\client\default\x64\release\imgui_draw.obj
c:\users\kin23\onedrive\바탕 화면\쥬신수업\프로젝트\kingdomhearts3\client\default\x64\release\imgui_widgets.obj
c:\users\kin23\onedrive\바탕 화면\쥬신수업\프로젝트\kingdomhearts3\client\default\x64\release\bigtree.obj
c:\users\kin23\onedrive\바탕 화면\쥬신수업\프로젝트\kingdomhearts3\client\default\x64\release\cameratool.obj
c:\users\kin23\onedrive\바탕 화면\쥬신수업\프로젝트\kingdomhearts3\client\default\x64\release\cannon.obj
c:\users\kin23\onedrive\바탕 화면\쥬신수업\프로젝트\kingdomhearts3\client\default\x64\release\collidertool_model.obj
c:\users\kin23\onedrive\바탕 화면\쥬신수업\프로젝트\kingdomhearts3\client\default\x64\release\donald.obj
c:\users\kin23\onedrive\바탕 화면\쥬신수업\프로젝트\kingdomhearts3\client\default\x64\release\donald_weapon.obj
c:\users\kin23\onedrive\바탕 화면\쥬신수업\프로젝트\kingdomhearts3\client\default\x64\release\effect_particle.obj
c:\users\kin23\onedrive\바탕 화면\쥬신수업\프로젝트\kingdomhearts3\client\default\x64\release\flower.obj
c:\users\kin23\onedrive\바탕 화면\쥬신수업\프로젝트\kingdomhearts3\client\default\x64\release\goat.obj
c:\users\kin23\onedrive\바탕 화면\쥬신수업\프로젝트\kingdomhearts3\client\default\x64\release\grid.obj
c:\users\kin23\onedrive\바탕 화면\쥬신수업\프로젝트\kingdomhearts3\client\default\x64\release\invenmanager.obj
c:\users\kin23\onedrive\바탕 화면\쥬신수업\프로젝트\kingdomhearts3\client\default\x64\release\effect_viswordtrail.obj
c:\users\kin23\onedrive\바탕 화면\쥬신수업\프로젝트\kingdomhearts3\client\default\x64\release\level_finalboss.obj
c:\users\kin23\onedrive\바탕 화면\쥬신수업\프로젝트\kingdomhearts3\client\default\x64\release\level_rapunzelboss.obj
c:\users\kin23\onedrive\바탕 화면\쥬신수업\프로젝트\kingdomhearts3\client\default\x64\release\level_rapunzel.obj
c:\users\kin23\onedrive\바탕 화면\쥬신수업\프로젝트\kingdomhearts3\client\default\x64\release\mainapp.obj
c:\users\kin23\onedrive\바탕 화면\쥬신수업\프로젝트\kingdomhearts3\client\default\x64\release\menu_itemtext.obj
c:\users\kin23\onedrive\바탕 화면\쥬신수업\프로젝트\kingdomhearts3\client\default\x64\release\mini_background.obj
c:\users\kin23\onedrive\바탕 화면\쥬신수업\프로젝트\kingdomhearts3\client\default\x64\release\mini_crow.obj
c:\users\kin23\onedrive\바탕 화면\쥬신수업\프로젝트\kingdomhearts3\client\default\x64\release\mini_reward.obj
c:\users\kin23\onedrive\바탕 화면\쥬신수업\프로젝트\kingdomhearts3\client\default\x64\release\monsterskill.obj
c:\users\kin23\onedrive\바탕 화면\쥬신수업\프로젝트\kingdomhearts3\client\default\x64\release\nightmare_appear.obj
c:\users\kin23\onedrive\바탕 화면\쥬신수업\프로젝트\kingdomhearts3\client\default\x64\release\pickingpoint.obj
c:\users\kin23\onedrive\바탕 화면\쥬신수업\프로젝트\kingdomhearts3\client\default\x64\release\player_weapon.obj
c:\users\kin23\onedrive\바탕 화면\쥬신수업\프로젝트\kingdomhearts3\client\default\x64\release\skullsoldier.obj
c:\users\kin23\onedrive\바탕 화면\쥬신수업\프로젝트\kingdomhearts3\client\default\x64\release\state_goatatk.obj
c:\users\kin23\onedrive\바탕 화면\쥬신수업\프로젝트\kingdomhearts3\client\default\x64\release\state_monsterchase.obj
c:\users\kin23\onedrive\바탕 화면\쥬신수업\프로젝트\kingdomhearts3\client\default\x64\release\state_monsterknockback.obj
c:\users\kin23\onedrive\바탕 화면\쥬신수업\프로젝트\kingdomhearts3\client\default\x64\release\state_monsterwait.obj
c:\users\kin23\onedrive\바탕 화면\쥬신수업\프로젝트\kingdomhearts3\client\default\x64\release\state_playerdamaged.obj
c:\users\kin23\onedrive\바탕 화면\쥬신수업\프로젝트\kingdomhearts3\client\default\x64\release\state_playerinteraction.obj
c:\users\kin23\onedrive\바탕 화면\쥬신수업\프로젝트\kingdomhearts3\client\default\x64\release\summonmovingparticle.obj
c:\users\kin23\onedrive\바탕 화면\쥬신수업\프로젝트\kingdomhearts3\client\default\x64\release\thinsoldier.obj
c:\users\kin23\onedrive\바탕 화면\쥬신수업\프로젝트\kingdomhearts3\client\default\x64\release\tt_npc0.obj
c:\users\kin23\onedrive\바탕 화면\쥬신수업\프로젝트\kingdomhearts3\client\default\x64\release\ui_bosshpcnt.obj
c:\users\kin23\onedrive\바탕 화면\쥬신수업\프로젝트\kingdomhearts3\client\default\x64\release\ui_bt_command.obj
c:\users\kin23\onedrive\바탕 화면\쥬신수업\프로젝트\kingdomhearts3\client\default\x64\release\ui_command_weapon.obj
c:\users\kin23\onedrive\바탕 화면\쥬신수업\프로젝트\kingdomhearts3\client\default\x64\release\ui_invennum.obj
c:\users\kin23\onedrive\바탕 화면\쥬신수업\프로젝트\kingdomhearts3\client\default\x64\release\ui_menu.obj
c:\users\kin23\onedrive\바탕 화면\쥬신수업\프로젝트\kingdomhearts3\client\default\x64\release\ui_minigame_num.obj
c:\users\kin23\onedrive\바탕 화면\쥬신수업\프로젝트\kingdomhearts3\client\default\x64\release\ui_moneybar.obj
c:\users\kin23\onedrive\바탕 화면\쥬신수업\프로젝트\kingdomhearts3\client\default\x64\release\ui_num_manager.obj
c:\users\kin23\onedrive\바탕 화면\쥬신수업\프로젝트\kingdomhearts3\client\default\x64\release\ui_stagelogo.obj
c:\users\kin23\onedrive\바탕 화면\쥬신수업\프로젝트\kingdomhearts3\client\default\x64\release\ui_textquickslot.obj
c:\users\kin23\onedrive\바탕 화면\쥬신수업\프로젝트\kingdomhearts3\client\default\x64\release\client.obj
c:\users\kin23\onedrive\바탕 화면\쥬신수업\프로젝트\kingdomhearts3\client\default\x64\release\imgui.obj
c:\users\kin23\onedrive\바탕 화면\쥬신수업\프로젝트\kingdomhearts3\client\default\x64\release\imgui_tables.obj
c:\users\kin23\onedrive\바탕 화면\쥬신수업\프로젝트\kingdomhearts3\client\default\x64\release\axis.obj
c:\users\kin23\onedrive\바탕 화면\쥬신수업\프로젝트\kingdomhearts3\client\default\x64\release\camerapoint.obj
c:\users\kin23\onedrive\바탕 화면\쥬신수업\프로젝트\kingdomhearts3\client\default\x64\release\camera_manager.obj
c:\users\kin23\onedrive\바탕 화면\쥬신수업\프로젝트\kingdomhearts3\client\default\x64\release\cfirefly.obj
c:\users\kin23\onedrive\바탕 화면\쥬신수업\프로젝트\kingdomhearts3\client\default\x64\release\crow.obj
c:\users\kin23\onedrive\바탕 화면\쥬신수업\프로젝트\kingdomhearts3\client\default\x64\release\donald_iceflower.obj
c:\users\kin23\onedrive\바탕 화면\쥬신수업\프로젝트\kingdomhearts3\client\default\x64\release\easing_function.obj
c:\users\kin23\onedrive\바탕 화면\쥬신수업\프로젝트\kingdomhearts3\client\default\x64\release\effect_manager.obj
c:\users\kin23\onedrive\바탕 화면\쥬신수업\프로젝트\kingdomhearts3\client\default\x64\release\effect_trail.obj
c:\users\kin23\onedrive\바탕 화면\쥬신수업\프로젝트\kingdomhearts3\client\default\x64\release\frozenwolf.obj
c:\users\kin23\onedrive\바탕 화면\쥬신수업\프로젝트\kingdomhearts3\client\default\x64\release\goofy_weapon.obj
c:\users\kin23\onedrive\바탕 화면\쥬신수업\프로젝트\kingdomhearts3\client\default\x64\release\icicle.obj
c:\users\kin23\onedrive\바탕 화면\쥬신수업\프로젝트\kingdomhearts3\client\default\x64\release\level_collidertool.obj
c:\users\kin23\onedrive\바탕 화면\쥬신수업\프로젝트\kingdomhearts3\client\default\x64\release\level_frozen.obj
c:\users\kin23\onedrive\바탕 화면\쥬신수업\프로젝트\kingdomhearts3\client\default\x64\release\level_test.obj
c:\users\kin23\onedrive\바탕 화면\쥬신수업\프로젝트\kingdomhearts3\client\default\x64\release\level_twilight.obj
c:\users\kin23\onedrive\바탕 화면\쥬신수업\프로젝트\kingdomhearts3\client\default\x64\release\map.obj
c:\users\kin23\onedrive\바탕 화면\쥬신수업\프로젝트\kingdomhearts3\client\default\x64\release\menu_burble.obj
c:\users\kin23\onedrive\바탕 화면\쥬신수업\프로젝트\kingdomhearts3\client\default\x64\release\minigame_manager.obj
c:\users\kin23\onedrive\바탕 화면\쥬신수업\프로젝트\kingdomhearts3\client\default\x64\release\mini_bullet.obj
c:\users\kin23\onedrive\바탕 화면\쥬신수업\프로젝트\kingdomhearts3\client\default\x64\release\mini_player.obj
c:\users\kin23\onedrive\바탕 화면\쥬신수업\프로젝트\kingdomhearts3\client\default\x64\release\monstergenerator.obj
c:\users\kin23\onedrive\바탕 화면\쥬신수업\프로젝트\kingdomhearts3\client\default\x64\release\nightmare.obj
c:\users\kin23\onedrive\바탕 화면\쥬신수업\프로젝트\kingdomhearts3\client\default\x64\release\objectplacetool.obj
c:\users\kin23\onedrive\바탕 화면\쥬신수업\프로젝트\kingdomhearts3\client\default\x64\release\playerhit.obj
c:\users\kin23\onedrive\바탕 화면\쥬신수업\프로젝트\kingdomhearts3\client\default\x64\release\progress_manager.obj
c:\users\kin23\onedrive\바탕 화면\쥬신수업\프로젝트\kingdomhearts3\client\default\x64\release\soundmanager.obj
c:\users\kin23\onedrive\바탕 화면\쥬신수업\프로젝트\kingdomhearts3\client\default\x64\release\state_icemanatk.obj
c:\users\kin23\onedrive\바탕 화면\쥬신수업\프로젝트\kingdomhearts3\client\default\x64\release\state_monsterdead.obj
c:\users\kin23\onedrive\바탕 화면\쥬신수업\프로젝트\kingdomhearts3\client\default\x64\release\state_monsterondamaged.obj
c:\users\kin23\onedrive\바탕 화면\쥬신수업\프로젝트\kingdomhearts3\client\default\x64\release\state_playerattack.obj
c:\users\kin23\onedrive\바탕 화면\쥬신수업\프로젝트\kingdomhearts3\client\default\x64\release\state_playerguard.obj
c:\users\kin23\onedrive\바탕 화면\쥬신수업\프로젝트\kingdomhearts3\client\default\x64\release\state_playerform.obj
c:\users\kin23\onedrive\바탕 화면\쥬신수업\프로젝트\kingdomhearts3\client\default\x64\release\terraintool.obj
c:\users\kin23\onedrive\바탕 화면\쥬신수업\프로젝트\kingdomhearts3\client\default\x64\release\trigger.obj
c:\users\kin23\onedrive\바탕 화면\쥬신수업\프로젝트\kingdomhearts3\client\default\x64\release\ui_bosshp.obj
c:\users\kin23\onedrive\바탕 화면\쥬신수업\프로젝트\kingdomhearts3\client\default\x64\release\ui_bossname.obj
c:\users\kin23\onedrive\바탕 화면\쥬신수업\프로젝트\kingdomhearts3\client\default\x64\release\ui_combo.obj
c:\users\kin23\onedrive\바탕 화면\쥬신수업\프로젝트\kingdomhearts3\client\default\x64\release\ui_formchange.obj
c:\users\kin23\onedrive\바탕 화면\쥬신수업\프로젝트\kingdomhearts3\client\default\x64\release\ui_itemget.obj
c:\users\kin23\onedrive\바탕 화면\쥬신수업\프로젝트\kingdomhearts3\client\default\x64\release\ui_menunum.obj
c:\users\kin23\onedrive\바탕 화면\쥬신수업\프로젝트\kingdomhearts3\client\default\x64\release\ui_minimap.obj
c:\users\kin23\onedrive\바탕 화면\쥬신수업\프로젝트\kingdomhearts3\client\default\x64\release\ui_monsterhp.obj
c:\users\kin23\onedrive\바탕 화면\쥬신수업\프로젝트\kingdomhearts3\client\default\x64\release\ui_player_circle.obj
c:\users\kin23\onedrive\바탕 화면\쥬신수업\프로젝트\kingdomhearts3\client\default\x64\release\ui_target.obj
c:\users\kin23\onedrive\바탕 화면\쥬신수업\프로젝트\kingdomhearts3\client\default\x64\release\ui_tip.obj
c:\users\kin23\onedrive\바탕 화면\쥬신수업\프로젝트\kingdomhearts3\client\default\x64\release\imgui_demo.obj
c:\users\kin23\onedrive\바탕 화면\쥬신수업\프로젝트\kingdomhearts3\client\default\x64\release\imgui_impl_win32.obj
c:\users\kin23\onedrive\바탕 화면\쥬신수업\프로젝트\kingdomhearts3\client\default\x64\release\assimpload.obj
c:\users\kin23\onedrive\바탕 화면\쥬신수업\프로젝트\kingdomhearts3\client\default\x64\release\bowman.obj
c:\users\kin23\onedrive\바탕 화면\쥬신수업\프로젝트\kingdomhearts3\client\default\x64\release\camera_perspective.obj
c:\users\kin23\onedrive\바탕 화면\쥬신수업\프로젝트\kingdomhearts3\client\default\x64\release\climbingwall.obj
c:\users\kin23\onedrive\바탕 화면\쥬신수업\프로젝트\kingdomhearts3\client\default\x64\release\crowsoldier.obj
c:\users\kin23\onedrive\바탕 화면\쥬신수업\프로젝트\kingdomhearts3\client\default\x64\release\donald_icicle.obj
c:\users\kin23\onedrive\바탕 화면\쥬신수업\프로젝트\kingdomhearts3\client\default\x64\release\effect_mesh.obj
c:\users\kin23\onedrive\바탕 화면\쥬신수업\프로젝트\kingdomhearts3\client\default\x64\release\fileload_manager.obj
c:\users\kin23\onedrive\바탕 화면\쥬신수업\프로젝트\kingdomhearts3\client\default\x64\release\gamemanager.obj
c:\users\kin23\onedrive\바탕 화면\쥬신수업\프로젝트\kingdomhearts3\client\default\x64\release\goofy.obj
c:\users\kin23\onedrive\바탕 화면\쥬신수업\프로젝트\kingdomhearts3\client\default\x64\release\imgui_manager.obj
c:\users\kin23\onedrive\바탕 화면\쥬신수업\프로젝트\kingdomhearts3\client\default\x64\release\level_effecttool.obj
c:\users\kin23\onedrive\바탕 화면\쥬신수업\프로젝트\kingdomhearts3\client\default\x64\release\level_keygrave.obj
c:\users\kin23\onedrive\바탕 화면\쥬신수업\프로젝트\kingdomhearts3\client\default\x64\release\level_loading.obj
c:\users\kin23\onedrive\바탕 화면\쥬신수업\프로젝트\kingdomhearts3\client\default\x64\release\littlewolf.obj
c:\users\kin23\onedrive\바탕 화면\쥬신수업\프로젝트\kingdomhearts3\client\default\x64\release\maptool.obj
c:\users\kin23\onedrive\바탕 화면\쥬신수업\프로젝트\kingdomhearts3\client\default\x64\release\menu_window.obj
c:\users\kin23\onedrive\바탕 화면\쥬신수업\프로젝트\kingdomhearts3\client\default\x64\release\mini_boss.obj
c:\users\kin23\onedrive\바탕 화면\쥬신수업\프로젝트\kingdomhearts3\client\default\x64\release\mini_crowyellow.obj
c:\users\kin23\onedrive\바탕 화면\쥬신수업\프로젝트\kingdomhearts3\client\default\x64\release\money_object.obj
c:\users\kin23\onedrive\바탕 화면\쥬신수업\프로젝트\kingdomhearts3\client\default\x64\release\motiontrail.obj
c:\users\kin23\onedrive\바탕 화면\쥬신수업\프로젝트\kingdomhearts3\client\default\x64\release\nightmare_blade.obj
c:\users\kin23\onedrive\바탕 화면\쥬신수업\프로젝트\kingdomhearts3\client\default\x64\release\pillaroffire.obj
c:\users\kin23\onedrive\바탕 화면\쥬신수업\프로젝트\kingdomhearts3\client\default\x64\release\portal.obj
c:\users\kin23\onedrive\바탕 화면\쥬신수업\프로젝트\kingdomhearts3\client\default\x64\release\sky.obj
c:\users\kin23\onedrive\바탕 화면\쥬신수업\프로젝트\kingdomhearts3\client\default\x64\release\state_frozenwolfatk.obj
c:\users\kin23\onedrive\바탕 화면\쥬신수업\프로젝트\kingdomhearts3\client\default\x64\release\state_monsteratk.obj
c:\users\kin23\onedrive\바탕 화면\쥬신수업\프로젝트\kingdomhearts3\client\default\x64\release\state_monsteridle.obj
c:\users\kin23\onedrive\바탕 화면\쥬신수업\프로젝트\kingdomhearts3\client\default\x64\release\state_monsterspawn.obj
c:\users\kin23\onedrive\바탕 화면\쥬신수업\프로젝트\kingdomhearts3\client\default\x64\release\state_playerdynamicmove.obj
c:\users\kin23\onedrive\바탕 화면\쥬신수업\프로젝트\kingdomhearts3\client\default\x64\release\state_playermove.obj
c:\users\kin23\onedrive\바탕 화면\쥬신수업\프로젝트\kingdomhearts3\client\default\x64\release\terrain.obj
c:\users\kin23\onedrive\바탕 화면\쥬신수업\프로젝트\kingdomhearts3\client\default\x64\release\treasurebox.obj
c:\users\kin23\onedrive\바탕 화면\쥬신수업\프로젝트\kingdomhearts3\client\default\x64\release\ui_backsimbol.obj
c:\users\kin23\onedrive\바탕 화면\쥬신수업\프로젝트\kingdomhearts3\client\default\x64\release\ui_bosshpcntback.obj
c:\users\kin23\onedrive\바탕 화면\쥬신수업\프로젝트\kingdomhearts3\client\default\x64\release\ui_chat.obj
c:\users\kin23\onedrive\바탕 화면\쥬신수업\프로젝트\kingdomhearts3\client\default\x64\release\ui_fadeout.obj
c:\users\kin23\onedrive\바탕 화면\쥬신수업\프로젝트\kingdomhearts3\client\default\x64\release\ui_getcenter.obj
c:\users\kin23\onedrive\바탕 화면\쥬신수업\프로젝트\kingdomhearts3\client\default\x64\release\ui_logo.obj
c:\users\kin23\onedrive\바탕 화면\쥬신수업\프로젝트\kingdomhearts3\client\default\x64\release\ui_minigame.obj
c:\users\kin23\onedrive\바탕 화면\쥬신수업\프로젝트\kingdomhearts3\client\default\x64\release\ui_money.obj
c:\users\kin23\onedrive\바탕 화면\쥬신수업\프로젝트\kingdomhearts3\client\default\x64\release\ui_number.obj
c:\users\kin23\onedrive\바탕 화면\쥬신수업\프로젝트\kingdomhearts3\client\default\x64\release\ui_ragegauge.obj
c:\users\kin23\onedrive\바탕 화면\쥬신수업\프로젝트\kingdomhearts3\client\default\x64\release\ui_textcommand.obj
c:\users\kin23\onedrive\바탕 화면\쥬신수업\프로젝트\kingdomhearts3\client\default\x64\release\water.obj
c:\users\kin23\onedrive\바탕 화면\쥬신수업\프로젝트\kingdomhearts3\client\default\x64\release\imgui_impl_dx11.obj
c:\users\kin23\onedrive\바탕 화면\쥬신수업\프로젝트\kingdomhearts3\client\default\x64\release\action_assistant.obj
c:\users\kin23\onedrive\바탕 화면\쥬신수업\프로젝트\kingdomhearts3\client\default\x64\release\bigtree_howling.obj
c:\users\kin23\onedrive\바탕 화면\쥬신수업\프로젝트\kingdomhearts3\client\default\x64\release\camera_dynamic.obj
c:\users\kin23\onedrive\바탕 화면\쥬신수업\프로젝트\kingdomhearts3\client\default\x64\release\cellpoint.obj
c:\users\kin23\onedrive\바탕 화면\쥬신수업\프로젝트\kingdomhearts3\client\default\x64\release\combat_assistant.obj
c:\users\kin23\onedrive\바탕 화면\쥬신수업\프로젝트\kingdomhearts3\client\default\x64\release\donald_ice.obj
c:\users\kin23\onedrive\바탕 화면\쥬신수업\프로젝트\kingdomhearts3\client\default\x64\release\dropfruitzone.obj
c:\users\kin23\onedrive\바탕 화면\쥬신수업\프로젝트\kingdomhearts3\client\default\x64\release\effect_texture.obj
c:\users\kin23\onedrive\바탕 화면\쥬신수업\프로젝트\kingdomhearts3\client\default\x64\release\frogband.obj
c:\users\kin23\onedrive\바탕 화면\쥬신수업\프로젝트\kingdomhearts3\client\default\x64\release\goatweapon.obj
c:\users\kin23\onedrive\바탕 화면\쥬신수업\프로젝트\kingdomhearts3\client\default\x64\release\iceman.obj
c:\users\kin23\onedrive\바탕 화면\쥬신수업\프로젝트\kingdomhearts3\client\default\x64\release\item_object.obj
c:\users\kin23\onedrive\바탕 화면\쥬신수업\프로젝트\kingdomhearts3\client\default\x64\release\level_endding.obj
c:\users\kin23\onedrive\바탕 화면\쥬신수업\프로젝트\kingdomhearts3\client\default\x64\release\level_maptool.obj
c:\users\kin23\onedrive\바탕 화면\쥬신수업\프로젝트\kingdomhearts3\client\default\x64\release\level_logo.obj
c:\users\kin23\onedrive\바탕 화면\쥬신수업\프로젝트\kingdomhearts3\client\default\x64\release\loader.obj
c:\users\kin23\onedrive\바탕 화면\쥬신수업\프로젝트\kingdomhearts3\client\default\x64\release\map_object_kgwall.obj
c:\users\kin23\onedrive\바탕 화면\쥬신수업\프로젝트\kingdomhearts3\client\default\x64\release\minigame_fade.obj
c:\users\kin23\onedrive\바탕 화면\쥬신수업\프로젝트\kingdomhearts3\client\default\x64\release\mini_bossbullet.obj
c:\users\kin23\onedrive\바탕 화면\쥬신수업\프로젝트\kingdomhearts3\client\default\x64\release\mini_damage.obj
c:\users\kin23\onedrive\바탕 화면\쥬신수업\프로젝트\kingdomhearts3\client\default\x64\release\monkey.obj
c:\users\kin23\onedrive\바탕 화면\쥬신수업\프로젝트\kingdomhearts3\client\default\x64\release\mower.obj
c:\users\kin23\onedrive\바탕 화면\쥬신수업\프로젝트\kingdomhearts3\client\default\x64\release\nobody.obj
c:\users\kin23\onedrive\바탕 화면\쥬신수업\프로젝트\kingdomhearts3\client\default\x64\release\player.obj
c:\users\kin23\onedrive\바탕 화면\쥬신수업\프로젝트\kingdomhearts3\client\default\x64\release\shiningegg.obj
c:\users\kin23\onedrive\바탕 화면\쥬신수업\프로젝트\kingdomhearts3\client\default\x64\release\state_bigtreeatk.obj
c:\users\kin23\onedrive\바탕 화면\쥬신수업\프로젝트\kingdomhearts3\client\default\x64\release\state_jump.obj
c:\users\kin23\onedrive\바탕 화면\쥬신수업\프로젝트\kingdomhearts3\client\default\x64\release\state_monsterdynamicmove.obj
c:\users\kin23\onedrive\바탕 화면\쥬신수업\프로젝트\kingdomhearts3\client\default\x64\release\state_monsterrunaway.obj
c:\users\kin23\onedrive\바탕 화면\쥬신수업\프로젝트\kingdomhearts3\client\default\x64\release\state_playeravoid.obj
c:\users\kin23\onedrive\바탕 화면\쥬신수업\프로젝트\kingdomhearts3\client\default\x64\release\state_playeridle.obj
c:\users\kin23\onedrive\바탕 화면\쥬신수업\프로젝트\kingdomhearts3\client\default\x64\release\state_playersummon.obj
c:\users\kin23\onedrive\바탕 화면\쥬신수업\프로젝트\kingdomhearts3\client\default\x64\release\testmonster.obj
c:\users\kin23\onedrive\바탕 화면\쥬신수업\프로젝트\kingdomhearts3\client\default\x64\release\tt_guide.obj
c:\users\kin23\onedrive\바탕 화면\쥬신수업\프로젝트\kingdomhearts3\client\default\x64\release\ui_bosshpbar.obj
c:\users\kin23\onedrive\바탕 화면\쥬신수업\프로젝트\kingdomhearts3\client\default\x64\release\ui_bosstarget.obj
c:\users\kin23\onedrive\바탕 화면\쥬신수업\프로젝트\kingdomhearts3\client\default\x64\release\ui_combobar.obj
c:\users\kin23\onedrive\바탕 화면\쥬신수업\프로젝트\kingdomhearts3\client\default\x64\release\ui_friendicon.obj
c:\users\kin23\onedrive\바탕 화면\쥬신수업\프로젝트\kingdomhearts3\client\default\x64\release\ui_itemicon.obj
c:\users\kin23\onedrive\바탕 화면\쥬신수업\프로젝트\kingdomhearts3\client\default\x64\release\ui_menunum_shop.obj
c:\users\kin23\onedrive\바탕 화면\쥬신수업\프로젝트\kingdomhearts3\client\default\x64\release\ui_minimap_monster.obj
c:\users\kin23\onedrive\바탕 화면\쥬신수업\프로젝트\kingdomhearts3\client\default\x64\release\ui_normal.obj
c:\users\kin23\onedrive\바탕 화면\쥬신수업\프로젝트\kingdomhearts3\client\default\x64\release\ui_qusetnavi.obj
c:\users\kin23\onedrive\바탕 화면\쥬신수업\프로젝트\kingdomhearts3\client\default\x64\release\ui_tboxopen.obj
c:\users\kin23\onedrive\바탕 화면\쥬신수업\프로젝트\kingdomhearts3\client\default\x64\release\ui_tip_down.obj
c:\users\kin23\onedrive\바탕 화면\쥬신수업\프로젝트\kingdomhearts3\client\default\x64\release\good.obj
c:\users\kin23\onedrive\바탕 화면\쥬신수업\프로젝트\kingdomhearts3\client\bin\shader_animheavymodel.cso
c:\users\kin23\onedrive\바탕 화면\쥬신수업\프로젝트\kingdomhearts3\client\bin\shader_animmodel.cso
c:\users\kin23\onedrive\바탕 화면\쥬신수업\프로젝트\kingdomhearts3\client\bin\shader_collider.cso
c:\users\kin23\onedrive\바탕 화면\쥬신수업\프로젝트\kingdomhearts3\client\bin\shader_navigation.cso
c:\users\kin23\onedrive\바탕 화면\쥬신수업\프로젝트\kingdomhearts3\client\bin\shader_nonanimmodel.cso
c:\users\kin23\onedrive\바탕 화면\쥬신수업\프로젝트\kingdomhearts3\client\bin\shader_vtxnormultex.cso
c:\users\kin23\onedrive\바탕 화면\쥬신수업\프로젝트\kingdomhearts3\client\bin\shader_vtxpos.cso
c:\users\kin23\onedrive\바탕 화면\쥬신수업\프로젝트\kingdomhearts3\client\bin\shader_vtxcubetex.cso
c:\users\kin23\onedrive\바탕 화면\쥬신수업\프로젝트\kingdomhearts3\client\bin\shader_vtxnortex.cso
c:\users\kin23\onedrive\바탕 화면\쥬신수업\프로젝트\kingdomhearts3\client\bin\shader_vtxpointinstance.cso
c:\users\kin23\onedrive\바탕 화면\쥬신수업\프로젝트\kingdomhearts3\client\bin\shader_vtxtex.cso
c:\users\kin23\onedrive\바탕 화면\쥬신수업\프로젝트\kingdomhearts3\client\bin\shader_vtxtex_ui.cso
c:\users\kin23\onedrive\바탕 화면\쥬신수업\프로젝트\kingdomhearts3\client\bin\client.exe
c:\users\kin23\onedrive\바탕 화면\쥬신수업\프로젝트\kingdomhearts3\client\bin\client.ipdb
c:\users\kin23\onedrive\바탕 화면\쥬신수업\프로젝트\kingdomhearts3\client\bin\client.iobj
c:\users\kin23\onedrive\바탕 화면\쥬신수업\프로젝트\kingdomhearts3\client\bin\client.pdb
c:\users\kin23\onedrive\바탕 화면\쥬신수업\프로젝트\kingdomhearts3\client\default\x64\release\client.res
c:\users\kin23\onedrive\바탕 화면\쥬신수업\프로젝트\kingdomhearts3\client\default\../bin/client.exe
c:\users\kin23\onedrive\바탕 화면\쥬신수업\프로젝트\kingdomhearts3\client\default\x64\release\client.tlog\cl.command.1.tlog
c:\users\kin23\onedrive\바탕 화면\쥬신수업\프로젝트\kingdomhearts3\client\default\x64\release\client.tlog\cl.read.1.tlog
c:\users\kin23\onedrive\바탕 화면\쥬신수업\프로젝트\kingdomhearts3\client\default\x64\release\client.tlog\cl.write.1.tlog
c:\users\kin23\onedrive\바탕 화면\쥬신수업\프로젝트\kingdomhearts3\client\default\x64\release\client.tlog\client.write.1u.tlog
c:\users\kin23\onedrive\바탕 화면\쥬신수업\프로젝트\kingdomhearts3\client\default\x64\release\client.tlog\fxc.command.1.tlog
c:\users\kin23\onedrive\바탕 화면\쥬신수업\프로젝트\kingdomhearts3\client\default\x64\release\client.tlog\fxc.read.1.tlog
c:\users\kin23\onedrive\바탕 화면\쥬신수업\프로젝트\kingdomhearts3\client\default\x64\release\client.tlog\fxc.write.1.tlog
c:\users\kin23\onedrive\바탕 화면\쥬신수업\프로젝트\kingdomhearts3\client\default\x64\release\client.tlog\link.command.1.tlog
c:\users\kin23\onedrive\바탕 화면\쥬신수업\프로젝트\kingdomhearts3\client\default\x64\release\client.tlog\link.read.1.tlog
c:\users\kin23\onedrive\바탕 화면\쥬신수업\프로젝트\kingdomhearts3\client\default\x64\release\client.tlog\link.write.1.tlog
c:\users\kin23\onedrive\바탕 화면\쥬신수업\프로젝트\kingdomhearts3\client\default\x64\release\client.tlog\rc.command.1.tlog
c:\users\kin23\onedrive\바탕 화면\쥬신수업\프로젝트\kingdomhearts3\client\default\x64\release\client.tlog\rc.read.1.tlog
c:\users\kin23\onedrive\바탕 화면\쥬신수업\프로젝트\kingdomhearts3\client\default\x64\release\client.tlog\rc.write.1.tlog
