c:\users\kin23\onedrive\바탕 화면\쥬신수업\프로젝트\kingdomhearts3\client\default\x64\debug\client.pch
c:\users\kin23\onedrive\바탕 화면\쥬신수업\프로젝트\kingdomhearts3\client\default\x64\debug\vc140.pdb
c:\users\kin23\onedrive\바탕 화면\쥬신수업\프로젝트\kingdomhearts3\client\default\x64\debug\vc140.idb
c:\users\kin23\onedrive\바탕 화면\쥬신수업\프로젝트\kingdomhearts3\client\default\x64\debug\stdafx.obj
c:\users\kin23\onedrive\바탕 화면\쥬신수업\프로젝트\kingdomhearts3\client\default\x64\debug\imgui.obj
c:\users\kin23\onedrive\바탕 화면\쥬신수업\프로젝트\kingdomhearts3\client\default\x64\debug\assimpload.obj
c:\users\kin23\onedrive\바탕 화면\쥬신수업\프로젝트\kingdomhearts3\client\default\x64\debug\camerapoint.obj
c:\users\kin23\onedrive\바탕 화면\쥬신수업\프로젝트\kingdomhearts3\client\default\x64\debug\camera_manager.obj
c:\users\kin23\onedrive\바탕 화면\쥬신수업\프로젝트\kingdomhearts3\client\default\x64\debug\climbingwall.obj
c:\users\kin23\onedrive\바탕 화면\쥬신수업\프로젝트\kingdomhearts3\client\default\x64\debug\crowsoldier.obj
c:\users\kin23\onedrive\바탕 화면\쥬신수업\프로젝트\kingdomhearts3\client\default\x64\debug\donald_icicle.obj
c:\users\kin23\onedrive\바탕 화면\쥬신수업\프로젝트\kingdomhearts3\client\default\x64\debug\effect_particle.obj
c:\users\kin23\onedrive\바탕 화면\쥬신수업\프로젝트\kingdomhearts3\client\default\x64\debug\flower.obj
c:\users\kin23\onedrive\바탕 화면\쥬신수업\프로젝트\kingdomhearts3\client\default\x64\debug\goat.obj
c:\users\kin23\onedrive\바탕 화면\쥬신수업\프로젝트\kingdomhearts3\client\default\x64\debug\grid.obj
c:\users\kin23\onedrive\바탕 화면\쥬신수업\프로젝트\kingdomhearts3\client\default\x64\debug\invenmanager.obj
c:\users\kin23\onedrive\바탕 화면\쥬신수업\프로젝트\kingdomhearts3\client\default\x64\debug\level_collidertool.obj
c:\users\kin23\onedrive\바탕 화면\쥬신수업\프로젝트\kingdomhearts3\client\default\x64\debug\level_finalboss.obj
c:\users\kin23\onedrive\바탕 화면\쥬신수업\프로젝트\kingdomhearts3\client\default\x64\debug\level_rapunzelboss.obj
c:\users\kin23\onedrive\바탕 화면\쥬신수업\프로젝트\kingdomhearts3\client\default\x64\debug\level_rapunzel.obj
c:\users\kin23\onedrive\바탕 화면\쥬신수업\프로젝트\kingdomhearts3\client\default\x64\debug\mainapp.obj
c:\users\kin23\onedrive\바탕 화면\쥬신수업\프로젝트\kingdomhearts3\client\default\x64\debug\menu_itemtext.obj
c:\users\kin23\onedrive\바탕 화면\쥬신수업\프로젝트\kingdomhearts3\client\default\x64\debug\mini_background.obj
c:\users\kin23\onedrive\바탕 화면\쥬신수업\프로젝트\kingdomhearts3\client\default\x64\debug\mini_crowyellow.obj
c:\users\kin23\onedrive\바탕 화면\쥬신수업\프로젝트\kingdomhearts3\client\default\x64\debug\monkey.obj
c:\users\kin23\onedrive\바탕 화면\쥬신수업\프로젝트\kingdomhearts3\client\default\x64\debug\mower.obj
c:\users\kin23\onedrive\바탕 화면\쥬신수업\프로젝트\kingdomhearts3\client\default\x64\debug\nobody.obj
c:\users\kin23\onedrive\바탕 화면\쥬신수업\프로젝트\kingdomhearts3\client\default\x64\debug\player_weapon.obj
c:\users\kin23\onedrive\바탕 화면\쥬신수업\프로젝트\kingdomhearts3\client\default\x64\debug\shiningegg.obj
c:\users\kin23\onedrive\바탕 화면\쥬신수업\프로젝트\kingdomhearts3\client\default\x64\debug\state_bigtreeatk.obj
c:\users\kin23\onedrive\바탕 화면\쥬신수업\프로젝트\kingdomhearts3\client\default\x64\debug\state_jump.obj
c:\users\kin23\onedrive\바탕 화면\쥬신수업\프로젝트\kingdomhearts3\client\default\x64\debug\state_monsterdynamicmove.obj
c:\users\kin23\onedrive\바탕 화면\쥬신수업\프로젝트\kingdomhearts3\client\default\x64\debug\state_monsterrunaway.obj
c:\users\kin23\onedrive\바탕 화면\쥬신수업\프로젝트\kingdomhearts3\client\default\x64\debug\state_playeravoid.obj
c:\users\kin23\onedrive\바탕 화면\쥬신수업\프로젝트\kingdomhearts3\client\default\x64\debug\state_playeridle.obj
c:\users\kin23\onedrive\바탕 화면\쥬신수업\프로젝트\kingdomhearts3\client\default\x64\debug\state_playersummon.obj
c:\users\kin23\onedrive\바탕 화면\쥬신수업\프로젝트\kingdomhearts3\client\default\x64\debug\testmonster.obj
c:\users\kin23\onedrive\바탕 화면\쥬신수업\프로젝트\kingdomhearts3\client\default\x64\debug\tt_guide.obj
c:\users\kin23\onedrive\바탕 화면\쥬신수업\프로젝트\kingdomhearts3\client\default\x64\debug\ui_bosshpbar.obj
c:\users\kin23\onedrive\바탕 화면\쥬신수업\프로젝트\kingdomhearts3\client\default\x64\debug\ui_bosstarget.obj
c:\users\kin23\onedrive\바탕 화면\쥬신수업\프로젝트\kingdomhearts3\client\default\x64\debug\ui_combobar.obj
c:\users\kin23\onedrive\바탕 화면\쥬신수업\프로젝트\kingdomhearts3\client\default\x64\debug\ui_friendicon.obj
c:\users\kin23\onedrive\바탕 화면\쥬신수업\프로젝트\kingdomhearts3\client\default\x64\debug\ui_itemicon.obj
c:\users\kin23\onedrive\바탕 화면\쥬신수업\프로젝트\kingdomhearts3\client\default\x64\debug\ui_menunum_shop.obj
c:\users\kin23\onedrive\바탕 화면\쥬신수업\프로젝트\kingdomhearts3\client\default\x64\debug\ui_minimap_monster.obj
c:\users\kin23\onedrive\바탕 화면\쥬신수업\프로젝트\kingdomhearts3\client\default\x64\debug\ui_normal.obj
c:\users\kin23\onedrive\바탕 화면\쥬신수업\프로젝트\kingdomhearts3\client\default\x64\debug\ui_qusetnavi.obj
c:\users\kin23\onedrive\바탕 화면\쥬신수업\프로젝트\kingdomhearts3\client\default\x64\debug\ui_tboxopen.obj
c:\users\kin23\onedrive\바탕 화면\쥬신수업\프로젝트\kingdomhearts3\client\default\x64\debug\ui_tip_down.obj
c:\users\kin23\onedrive\바탕 화면\쥬신수업\프로젝트\kingdomhearts3\client\default\x64\debug\imgui_demo.obj
c:\users\kin23\onedrive\바탕 화면\쥬신수업\프로젝트\kingdomhearts3\client\default\x64\debug\imgui_impl_win32.obj
c:\users\kin23\onedrive\바탕 화면\쥬신수업\프로젝트\kingdomhearts3\client\default\x64\debug\action_assistant.obj
c:\users\kin23\onedrive\바탕 화면\쥬신수업\프로젝트\kingdomhearts3\client\default\x64\debug\bigtree_howling.obj
c:\users\kin23\onedrive\바탕 화면\쥬신수업\프로젝트\kingdomhearts3\client\default\x64\debug\camera_dynamic.obj
c:\users\kin23\onedrive\바탕 화면\쥬신수업\프로젝트\kingdomhearts3\client\default\x64\debug\cellpoint.obj
c:\users\kin23\onedrive\바탕 화면\쥬신수업\프로젝트\kingdomhearts3\client\default\x64\debug\crow.obj
c:\users\kin23\onedrive\바탕 화면\쥬신수업\프로젝트\kingdomhearts3\client\default\x64\debug\donald_iceflower.obj
c:\users\kin23\onedrive\바탕 화면\쥬신수업\프로젝트\kingdomhearts3\client\default\x64\debug\easing_function.obj
c:\users\kin23\onedrive\바탕 화면\쥬신수업\프로젝트\kingdomhearts3\client\default\x64\debug\effect_manager.obj
c:\users\kin23\onedrive\바탕 화면\쥬신수업\프로젝트\kingdomhearts3\client\default\x64\debug\effect_trail.obj
c:\users\kin23\onedrive\바탕 화면\쥬신수업\프로젝트\kingdomhearts3\client\default\x64\debug\frozenwolf.obj
c:\users\kin23\onedrive\바탕 화면\쥬신수업\프로젝트\kingdomhearts3\client\default\x64\debug\goofy.obj
c:\users\kin23\onedrive\바탕 화면\쥬신수업\프로젝트\kingdomhearts3\client\default\x64\debug\icicle.obj
c:\users\kin23\onedrive\바탕 화면\쥬신수업\프로젝트\kingdomhearts3\client\default\x64\debug\effect_viswordtrail.obj
c:\users\kin23\onedrive\바탕 화면\쥬신수업\프로젝트\kingdomhearts3\client\default\x64\debug\level_frozen.obj
c:\users\kin23\onedrive\바탕 화면\쥬신수업\프로젝트\kingdomhearts3\client\default\x64\debug\level_test.obj
c:\users\kin23\onedrive\바탕 화면\쥬신수업\프로젝트\kingdomhearts3\client\default\x64\debug\level_twilight.obj
c:\users\kin23\onedrive\바탕 화면\쥬신수업\프로젝트\kingdomhearts3\client\default\x64\debug\map.obj
c:\users\kin23\onedrive\바탕 화면\쥬신수업\프로젝트\kingdomhearts3\client\default\x64\debug\menu_burble.obj
c:\users\kin23\onedrive\바탕 화면\쥬신수업\프로젝트\kingdomhearts3\client\default\x64\debug\minigame_manager.obj
c:\users\kin23\onedrive\바탕 화면\쥬신수업\프로젝트\kingdomhearts3\client\default\x64\debug\mini_crow.obj
c:\users\kin23\onedrive\바탕 화면\쥬신수업\프로젝트\kingdomhearts3\client\default\x64\debug\money_object.obj
c:\users\kin23\onedrive\바탕 화면\쥬신수업\프로젝트\kingdomhearts3\client\default\x64\debug\motiontrail.obj
c:\users\kin23\onedrive\바탕 화면\쥬신수업\프로젝트\kingdomhearts3\client\default\x64\debug\nightmare_blade.obj
c:\users\kin23\onedrive\바탕 화면\쥬신수업\프로젝트\kingdomhearts3\client\default\x64\debug\pillaroffire.obj
c:\users\kin23\onedrive\바탕 화면\쥬신수업\프로젝트\kingdomhearts3\client\default\x64\debug\portal.obj
c:\users\kin23\onedrive\바탕 화면\쥬신수업\프로젝트\kingdomhearts3\client\default\x64\debug\sky.obj
c:\users\kin23\onedrive\바탕 화면\쥬신수업\프로젝트\kingdomhearts3\client\default\x64\debug\state_goatatk.obj
c:\users\kin23\onedrive\바탕 화면\쥬신수업\프로젝트\kingdomhearts3\client\default\x64\debug\state_monsterchase.obj
c:\users\kin23\onedrive\바탕 화면\쥬신수업\프로젝트\kingdomhearts3\client\default\x64\debug\state_monsterknockback.obj
c:\users\kin23\onedrive\바탕 화면\쥬신수업\프로젝트\kingdomhearts3\client\default\x64\debug\state_monsterwait.obj
c:\users\kin23\onedrive\바탕 화면\쥬신수업\프로젝트\kingdomhearts3\client\default\x64\debug\state_playerdynamicmove.obj
c:\users\kin23\onedrive\바탕 화면\쥬신수업\프로젝트\kingdomhearts3\client\default\x64\debug\state_playermove.obj
c:\users\kin23\onedrive\바탕 화면\쥬신수업\프로젝트\kingdomhearts3\client\default\x64\debug\terrain.obj
c:\users\kin23\onedrive\바탕 화면\쥬신수업\프로젝트\kingdomhearts3\client\default\x64\debug\treasurebox.obj
c:\users\kin23\onedrive\바탕 화면\쥬신수업\프로젝트\kingdomhearts3\client\default\x64\debug\ui_backsimbol.obj
c:\users\kin23\onedrive\바탕 화면\쥬신수업\프로젝트\kingdomhearts3\client\default\x64\debug\ui_bosshpcntback.obj
c:\users\kin23\onedrive\바탕 화면\쥬신수업\프로젝트\kingdomhearts3\client\default\x64\debug\ui_chat.obj
c:\users\kin23\onedrive\바탕 화면\쥬신수업\프로젝트\kingdomhearts3\client\default\x64\debug\ui_fadeout.obj
c:\users\kin23\onedrive\바탕 화면\쥬신수업\프로젝트\kingdomhearts3\client\default\x64\debug\ui_invennum.obj
c:\users\kin23\onedrive\바탕 화면\쥬신수업\프로젝트\kingdomhearts3\client\default\x64\debug\ui_menu.obj
c:\users\kin23\onedrive\바탕 화면\쥬신수업\프로젝트\kingdomhearts3\client\default\x64\debug\ui_minigame_num.obj
c:\users\kin23\onedrive\바탕 화면\쥬신수업\프로젝트\kingdomhearts3\client\default\x64\debug\ui_moneybar.obj
c:\users\kin23\onedrive\바탕 화면\쥬신수업\프로젝트\kingdomhearts3\client\default\x64\debug\ui_num_manager.obj
c:\users\kin23\onedrive\바탕 화면\쥬신수업\프로젝트\kingdomhearts3\client\default\x64\debug\ui_stagelogo.obj
c:\users\kin23\onedrive\바탕 화면\쥬신수업\프로젝트\kingdomhearts3\client\default\x64\debug\ui_textquickslot.obj
c:\users\kin23\onedrive\바탕 화면\쥬신수업\프로젝트\kingdomhearts3\client\default\x64\debug\client.obj
c:\users\kin23\onedrive\바탕 화면\쥬신수업\프로젝트\kingdomhearts3\client\default\x64\debug\imgui_impl_dx11.obj
c:\users\kin23\onedrive\바탕 화면\쥬신수업\프로젝트\kingdomhearts3\client\default\x64\debug\imgui_widgets.obj
c:\users\kin23\onedrive\바탕 화면\쥬신수업\프로젝트\kingdomhearts3\client\default\x64\debug\bigtree.obj
c:\users\kin23\onedrive\바탕 화면\쥬신수업\프로젝트\kingdomhearts3\client\default\x64\debug\cameratool.obj
c:\users\kin23\onedrive\바탕 화면\쥬신수업\프로젝트\kingdomhearts3\client\default\x64\debug\cannon.obj
c:\users\kin23\onedrive\바탕 화면\쥬신수업\프로젝트\kingdomhearts3\client\default\x64\debug\combat_assistant.obj
c:\users\kin23\onedrive\바탕 화면\쥬신수업\프로젝트\kingdomhearts3\client\default\x64\debug\donald_ice.obj
c:\users\kin23\onedrive\바탕 화면\쥬신수업\프로젝트\kingdomhearts3\client\default\x64\debug\dropfruitzone.obj
c:\users\kin23\onedrive\바탕 화면\쥬신수업\프로젝트\kingdomhearts3\client\default\x64\debug\effect_texture.obj
c:\users\kin23\onedrive\바탕 화면\쥬신수업\프로젝트\kingdomhearts3\client\default\x64\debug\frogband.obj
c:\users\kin23\onedrive\바탕 화면\쥬신수업\프로젝트\kingdomhearts3\client\default\x64\debug\goatweapon.obj
c:\users\kin23\onedrive\바탕 화면\쥬신수업\프로젝트\kingdomhearts3\client\default\x64\debug\iceman.obj
c:\users\kin23\onedrive\바탕 화면\쥬신수업\프로젝트\kingdomhearts3\client\default\x64\debug\item_object.obj
c:\users\kin23\onedrive\바탕 화면\쥬신수업\프로젝트\kingdomhearts3\client\default\x64\debug\level_endding.obj
c:\users\kin23\onedrive\바탕 화면\쥬신수업\프로젝트\kingdomhearts3\client\default\x64\debug\level_maptool.obj
c:\users\kin23\onedrive\바탕 화면\쥬신수업\프로젝트\kingdomhearts3\client\default\x64\debug\level_logo.obj
c:\users\kin23\onedrive\바탕 화면\쥬신수업\프로젝트\kingdomhearts3\client\default\x64\debug\littlewolf.obj
c:\users\kin23\onedrive\바탕 화면\쥬신수업\프로젝트\kingdomhearts3\client\default\x64\debug\maptool.obj
c:\users\kin23\onedrive\바탕 화면\쥬신수업\프로젝트\kingdomhearts3\client\default\x64\debug\menu_window.obj
c:\users\kin23\onedrive\바탕 화면\쥬신수업\프로젝트\kingdomhearts3\client\default\x64\debug\mini_boss.obj
c:\users\kin23\onedrive\바탕 화면\쥬신수업\프로젝트\kingdomhearts3\client\default\x64\debug\mini_damage.obj
c:\users\kin23\onedrive\바탕 화면\쥬신수업\프로젝트\kingdomhearts3\client\default\x64\debug\monstergenerator.obj
c:\users\kin23\onedrive\바탕 화면\쥬신수업\프로젝트\kingdomhearts3\client\default\x64\debug\nightmare.obj
c:\users\kin23\onedrive\바탕 화면\쥬신수업\프로젝트\kingdomhearts3\client\default\x64\debug\pickingpoint.obj
c:\users\kin23\onedrive\바탕 화면\쥬신수업\프로젝트\kingdomhearts3\client\default\x64\debug\player.obj
c:\users\kin23\onedrive\바탕 화면\쥬신수업\프로젝트\kingdomhearts3\client\default\x64\debug\skullsoldier.obj
c:\users\kin23\onedrive\바탕 화면\쥬신수업\프로젝트\kingdomhearts3\client\default\x64\debug\state_frozenwolfatk.obj
c:\users\kin23\onedrive\바탕 화면\쥬신수업\프로젝트\kingdomhearts3\client\default\x64\debug\state_monsteratk.obj
c:\users\kin23\onedrive\바탕 화면\쥬신수업\프로젝트\kingdomhearts3\client\default\x64\debug\state_monsteridle.obj
c:\users\kin23\onedrive\바탕 화면\쥬신수업\프로젝트\kingdomhearts3\client\default\x64\debug\state_monsterspawn.obj
c:\users\kin23\onedrive\바탕 화면\쥬신수업\프로젝트\kingdomhearts3\client\default\x64\debug\state_playerdamaged.obj
c:\users\kin23\onedrive\바탕 화면\쥬신수업\프로젝트\kingdomhearts3\client\default\x64\debug\state_playerinteraction.obj
c:\users\kin23\onedrive\바탕 화면\쥬신수업\프로젝트\kingdomhearts3\client\default\x64\debug\summonmovingparticle.obj
c:\users\kin23\onedrive\바탕 화면\쥬신수업\프로젝트\kingdomhearts3\client\default\x64\debug\thinsoldier.obj
c:\users\kin23\onedrive\바탕 화면\쥬신수업\프로젝트\kingdomhearts3\client\default\x64\debug\tt_npc0.obj
c:\users\kin23\onedrive\바탕 화면\쥬신수업\프로젝트\kingdomhearts3\client\default\x64\debug\ui_bosshpcnt.obj
c:\users\kin23\onedrive\바탕 화면\쥬신수업\프로젝트\kingdomhearts3\client\default\x64\debug\ui_bt_command.obj
c:\users\kin23\onedrive\바탕 화면\쥬신수업\프로젝트\kingdomhearts3\client\default\x64\debug\ui_command_weapon.obj
c:\users\kin23\onedrive\바탕 화면\쥬신수업\프로젝트\kingdomhearts3\client\default\x64\debug\ui_getcenter.obj
c:\users\kin23\onedrive\바탕 화면\쥬신수업\프로젝트\kingdomhearts3\client\default\x64\debug\ui_logo.obj
c:\users\kin23\onedrive\바탕 화면\쥬신수업\프로젝트\kingdomhearts3\client\default\x64\debug\ui_minigame.obj
c:\users\kin23\onedrive\바탕 화면\쥬신수업\프로젝트\kingdomhearts3\client\default\x64\debug\ui_money.obj
c:\users\kin23\onedrive\바탕 화면\쥬신수업\프로젝트\kingdomhearts3\client\default\x64\debug\ui_number.obj
c:\users\kin23\onedrive\바탕 화면\쥬신수업\프로젝트\kingdomhearts3\client\default\x64\debug\ui_ragegauge.obj
c:\users\kin23\onedrive\바탕 화면\쥬신수업\프로젝트\kingdomhearts3\client\default\x64\debug\ui_textcommand.obj
c:\users\kin23\onedrive\바탕 화면\쥬신수업\프로젝트\kingdomhearts3\client\default\x64\debug\water.obj
c:\users\kin23\onedrive\바탕 화면\쥬신수업\프로젝트\kingdomhearts3\client\default\x64\debug\imgui_draw.obj
c:\users\kin23\onedrive\바탕 화면\쥬신수업\프로젝트\kingdomhearts3\client\default\x64\debug\imgui_tables.obj
c:\users\kin23\onedrive\바탕 화면\쥬신수업\프로젝트\kingdomhearts3\client\default\x64\debug\axis.obj
c:\users\kin23\onedrive\바탕 화면\쥬신수업\프로젝트\kingdomhearts3\client\default\x64\debug\bowman.obj
c:\users\kin23\onedrive\바탕 화면\쥬신수업\프로젝트\kingdomhearts3\client\default\x64\debug\camera_perspective.obj
c:\users\kin23\onedrive\바탕 화면\쥬신수업\프로젝트\kingdomhearts3\client\default\x64\debug\collidertool_model.obj
c:\users\kin23\onedrive\바탕 화면\쥬신수업\프로젝트\kingdomhearts3\client\default\x64\debug\donald.obj
c:\users\kin23\onedrive\바탕 화면\쥬신수업\프로젝트\kingdomhearts3\client\default\x64\debug\donald_weapon.obj
c:\users\kin23\onedrive\바탕 화면\쥬신수업\프로젝트\kingdomhearts3\client\default\x64\debug\effect_mesh.obj
c:\users\kin23\onedrive\바탕 화면\쥬신수업\프로젝트\kingdomhearts3\client\default\x64\debug\fileload_manager.obj
c:\users\kin23\onedrive\바탕 화면\쥬신수업\프로젝트\kingdomhearts3\client\default\x64\debug\gamemanager.obj
c:\users\kin23\onedrive\바탕 화면\쥬신수업\프로젝트\kingdomhearts3\client\default\x64\debug\goofy_weapon.obj
c:\users\kin23\onedrive\바탕 화면\쥬신수업\프로젝트\kingdomhearts3\client\default\x64\debug\imgui_manager.obj
c:\users\kin23\onedrive\바탕 화면\쥬신수업\프로젝트\kingdomhearts3\client\default\x64\debug\level_effecttool.obj
c:\users\kin23\onedrive\바탕 화면\쥬신수업\프로젝트\kingdomhearts3\client\default\x64\debug\level_keygrave.obj
c:\users\kin23\onedrive\바탕 화면\쥬신수업\프로젝트\kingdomhearts3\client\default\x64\debug\level_loading.obj
c:\users\kin23\onedrive\바탕 화면\쥬신수업\프로젝트\kingdomhearts3\client\default\x64\debug\loader.obj
c:\users\kin23\onedrive\바탕 화면\쥬신수업\프로젝트\kingdomhearts3\client\default\x64\debug\map_object_kgwall.obj
c:\users\kin23\onedrive\바탕 화면\쥬신수업\프로젝트\kingdomhearts3\client\default\x64\debug\minigame_fade.obj
c:\users\kin23\onedrive\바탕 화면\쥬신수업\프로젝트\kingdomhearts3\client\default\x64\debug\mini_bullet.obj
c:\users\kin23\onedrive\바탕 화면\쥬신수업\프로젝트\kingdomhearts3\client\default\x64\debug\mini_player.obj
c:\users\kin23\onedrive\바탕 화면\쥬신수업\프로젝트\kingdomhearts3\client\default\x64\debug\monsterskill.obj
c:\users\kin23\onedrive\바탕 화면\쥬신수업\프로젝트\kingdomhearts3\client\default\x64\debug\nightmare_appear.obj
c:\users\kin23\onedrive\바탕 화면\쥬신수업\프로젝트\kingdomhearts3\client\default\x64\debug\objectplacetool.obj
c:\users\kin23\onedrive\바탕 화면\쥬신수업\프로젝트\kingdomhearts3\client\default\x64\debug\playerhit.obj
c:\users\kin23\onedrive\바탕 화면\쥬신수업\프로젝트\kingdomhearts3\client\default\x64\debug\progress_manager.obj
c:\users\kin23\onedrive\바탕 화면\쥬신수업\프로젝트\kingdomhearts3\client\default\x64\debug\soundmanager.obj
c:\users\kin23\onedrive\바탕 화면\쥬신수업\프로젝트\kingdomhearts3\client\default\x64\debug\state_icemanatk.obj
c:\users\kin23\onedrive\바탕 화면\쥬신수업\프로젝트\kingdomhearts3\client\default\x64\debug\state_monsterdead.obj
c:\users\kin23\onedrive\바탕 화면\쥬신수업\프로젝트\kingdomhearts3\client\default\x64\debug\state_monsterondamaged.obj
c:\users\kin23\onedrive\바탕 화면\쥬신수업\프로젝트\kingdomhearts3\client\default\x64\debug\state_playerattack.obj
c:\users\kin23\onedrive\바탕 화면\쥬신수업\프로젝트\kingdomhearts3\client\default\x64\debug\state_playerguard.obj
c:\users\kin23\onedrive\바탕 화면\쥬신수업\프로젝트\kingdomhearts3\client\default\x64\debug\state_playerform.obj
c:\users\kin23\onedrive\바탕 화면\쥬신수업\프로젝트\kingdomhearts3\client\default\x64\debug\terraintool.obj
c:\users\kin23\onedrive\바탕 화면\쥬신수업\프로젝트\kingdomhearts3\client\default\x64\debug\trigger.obj
c:\users\kin23\onedrive\바탕 화면\쥬신수업\프로젝트\kingdomhearts3\client\default\x64\debug\ui_bosshp.obj
c:\users\kin23\onedrive\바탕 화면\쥬신수업\프로젝트\kingdomhearts3\client\default\x64\debug\ui_bossname.obj
c:\users\kin23\onedrive\바탕 화면\쥬신수업\프로젝트\kingdomhearts3\client\default\x64\debug\ui_combo.obj
c:\users\kin23\onedrive\바탕 화면\쥬신수업\프로젝트\kingdomhearts3\client\default\x64\debug\ui_formchange.obj
c:\users\kin23\onedrive\바탕 화면\쥬신수업\프로젝트\kingdomhearts3\client\default\x64\debug\ui_itemget.obj
c:\users\kin23\onedrive\바탕 화면\쥬신수업\프로젝트\kingdomhearts3\client\default\x64\debug\ui_menunum.obj
c:\users\kin23\onedrive\바탕 화면\쥬신수업\프로젝트\kingdomhearts3\client\default\x64\debug\ui_minimap.obj
c:\users\kin23\onedrive\바탕 화면\쥬신수업\프로젝트\kingdomhearts3\client\default\x64\debug\ui_monsterhp.obj
c:\users\kin23\onedrive\바탕 화면\쥬신수업\프로젝트\kingdomhearts3\client\default\x64\debug\ui_player_circle.obj
c:\users\kin23\onedrive\바탕 화면\쥬신수업\프로젝트\kingdomhearts3\client\default\x64\debug\ui_target.obj
c:\users\kin23\onedrive\바탕 화면\쥬신수업\프로젝트\kingdomhearts3\client\default\x64\debug\ui_tip.obj
c:\users\kin23\onedrive\바탕 화면\쥬신수업\프로젝트\kingdomhearts3\client\default\x64\debug\mini_bossbullet.obj
c:\users\kin23\onedrive\바탕 화면\쥬신수업\프로젝트\kingdomhearts3\client\default\x64\debug\mini_reward.obj
c:\users\kin23\onedrive\바탕 화면\쥬신수업\프로젝트\kingdomhearts3\client\default\x64\debug\cfirefly.obj
c:\users\kin23\onedrive\바탕 화면\쥬신수업\프로젝트\kingdomhearts3\client\bin\shader_animheavymodel.cso
c:\users\kin23\onedrive\바탕 화면\쥬신수업\프로젝트\kingdomhearts3\client\bin\shader_animmodel.cso
c:\users\kin23\onedrive\바탕 화면\쥬신수업\프로젝트\kingdomhearts3\client\bin\shader_collider.cso
c:\users\kin23\onedrive\바탕 화면\쥬신수업\프로젝트\kingdomhearts3\client\bin\shader_navigation.cso
c:\users\kin23\onedrive\바탕 화면\쥬신수업\프로젝트\kingdomhearts3\client\bin\shader_nonanimmodel.cso
c:\users\kin23\onedrive\바탕 화면\쥬신수업\프로젝트\kingdomhearts3\client\bin\shader_vtxnormultex.cso
c:\users\kin23\onedrive\바탕 화면\쥬신수업\프로젝트\kingdomhearts3\client\bin\shader_vtxpos.cso
c:\users\kin23\onedrive\바탕 화면\쥬신수업\프로젝트\kingdomhearts3\client\bin\shader_vtxcubetex.cso
c:\users\kin23\onedrive\바탕 화면\쥬신수업\프로젝트\kingdomhearts3\client\bin\shader_vtxnortex.cso
c:\users\kin23\onedrive\바탕 화면\쥬신수업\프로젝트\kingdomhearts3\client\bin\shader_vtxpointinstance.cso
c:\users\kin23\onedrive\바탕 화면\쥬신수업\프로젝트\kingdomhearts3\client\bin\shader_vtxtex.cso
c:\users\kin23\onedrive\바탕 화면\쥬신수업\프로젝트\kingdomhearts3\client\bin\shader_vtxtex_ui.cso
c:\users\kin23\onedrive\바탕 화면\쥬신수업\프로젝트\kingdomhearts3\client\bin\client.ilk
c:\users\kin23\onedrive\바탕 화면\쥬신수업\프로젝트\kingdomhearts3\client\bin\client.exe
c:\users\kin23\onedrive\바탕 화면\쥬신수업\프로젝트\kingdomhearts3\client\bin\client.pdb
c:\users\kin23\onedrive\바탕 화면\쥬신수업\프로젝트\kingdomhearts3\client\default\x64\debug\client.res
c:\users\kin23\onedrive\바탕 화면\쥬신수업\프로젝트\kingdomhearts3\client\default\x64\debug\ui_getcenter.obj.enc
c:\users\kin23\onedrive\바탕 화면\쥬신수업\프로젝트\kingdomhearts3\client\default\../bin/client.exe
c:\users\kin23\onedrive\바탕 화면\쥬신수업\프로젝트\kingdomhearts3\client\default\x64\debug\client.tlog\cl.command.1.tlog
c:\users\kin23\onedrive\바탕 화면\쥬신수업\프로젝트\kingdomhearts3\client\default\x64\debug\client.tlog\cl.read.1.tlog
c:\users\kin23\onedrive\바탕 화면\쥬신수업\프로젝트\kingdomhearts3\client\default\x64\debug\client.tlog\cl.write.1.tlog
c:\users\kin23\onedrive\바탕 화면\쥬신수업\프로젝트\kingdomhearts3\client\default\x64\debug\client.tlog\client.write.1u.tlog
c:\users\kin23\onedrive\바탕 화면\쥬신수업\프로젝트\kingdomhearts3\client\default\x64\debug\client.tlog\fxc.command.1.tlog
c:\users\kin23\onedrive\바탕 화면\쥬신수업\프로젝트\kingdomhearts3\client\default\x64\debug\client.tlog\fxc.read.1.tlog
c:\users\kin23\onedrive\바탕 화면\쥬신수업\프로젝트\kingdomhearts3\client\default\x64\debug\client.tlog\fxc.write.1.tlog
c:\users\kin23\onedrive\바탕 화면\쥬신수업\프로젝트\kingdomhearts3\client\default\x64\debug\client.tlog\link.command.1.tlog
c:\users\kin23\onedrive\바탕 화면\쥬신수업\프로젝트\kingdomhearts3\client\default\x64\debug\client.tlog\link.read.1.tlog
c:\users\kin23\onedrive\바탕 화면\쥬신수업\프로젝트\kingdomhearts3\client\default\x64\debug\client.tlog\link.write.1.tlog
c:\users\kin23\onedrive\바탕 화면\쥬신수업\프로젝트\kingdomhearts3\client\default\x64\debug\client.tlog\rc.command.1.tlog
c:\users\kin23\onedrive\바탕 화면\쥬신수업\프로젝트\kingdomhearts3\client\default\x64\debug\client.tlog\rc.read.1.tlog
c:\users\kin23\onedrive\바탕 화면\쥬신수업\프로젝트\kingdomhearts3\client\default\x64\debug\client.tlog\rc.write.1.tlog
