  AssimpLoad.cpp
  Axis.cpp
  BigTree.cpp
  BigTree_Howling.cpp
  BowMan.cpp
  CFireFly.cpp
  CameraPoint.cpp
  CameraTool.cpp
  Camera_Dynamic.cpp
  Camera_Manager.cpp
  Camera_Perspective.cpp
  Cannon.cpp
  CellPoint.cpp
  ClimbingWall.cpp
  ColliderTool_Model.cpp
  Combat_Assistant.cpp
  Crow.cpp
  CrowSoldier.cpp
  Donald.cpp
  Donald_Ice.cpp
  Donald_IceFlower.cpp
  Donald_Icicle.cpp
  Donald_Weapon.cpp
  DropFruitZone.cpp
  Effect_Manager.cpp
  Effect_Mesh.cpp
  Effect_Particle.cpp
  Effect_Texture.cpp
  Effect_Trail.cpp
  Effect_VISwordTrail.cpp
  FileLoad_Manager.cpp
  Flower.cpp
  FrogBand.cpp
  FrozenWolf.cpp
  GameManager.cpp
  Goat.cpp
  GoatWeapon.cpp
  Goofy.cpp
  Goofy_Weapon.cpp
  Grid.cpp
  IceMan.cpp
  Icicle.cpp
  ImGui_Manager.cpp
  InvenManager.cpp
  Item_Object.cpp
  Level_ColliderTool.cpp
  Level_EffectTool.cpp
  Level_Endding.cpp
  Level_FinalBoss.cpp
  Level_Frozen.cpp
  Level_KeyGrave.cpp
  Level_Loading.cpp
  Level_Logo.cpp
  Level_MapTool.cpp
  Level_Rapunzel.cpp
  Level_RapunzelBoss.cpp
  Level_Test.cpp
  Level_Twilight.cpp
  LittleWolf.cpp
  Loader.cpp
  MINI_Bullet.cpp
  MainApp.cpp
  Map.cpp
  MapTool.cpp
  Map_Object_KGWall.cpp
  Menu_Burble.cpp
  Menu_ItemText.cpp
  Menu_Window.cpp
  MiniGame_Fade.cpp
  MiniGame_Manager.cpp
  Mini_BackGround.cpp
  Mini_Boss.cpp
  Mini_BossBullet.cpp
  Mini_Crow.cpp
  Mini_CrowYellow.cpp
  Mini_Damage.cpp
  Mini_Player.cpp
  Mini_Reward.cpp
  Money_Object.cpp
  Monkey.cpp
  MonsterGenerator.cpp
  MonsterSkill.cpp
  MotionTrail.cpp
  Mower.cpp
  Nightmare.cpp
  Nightmare_Appear.cpp
  Nightmare_Blade.cpp
  Nobody.cpp
  ObjectPlaceTool.cpp
  PickingPoint.cpp
  PillarOfFire.cpp
  Player.cpp
  PlayerHit.cpp
  Player_Weapon.cpp
  Portal.cpp
  Progress_Manager.cpp
  ShiningEgg.cpp
  SkullSoldier.cpp
  Sky.cpp
  SoundManager.cpp
  State_BigTreeAtk.cpp
  State_FrozenWolfAtk.cpp
  State_GoatAtk.cpp
  State_IceManAtk.cpp
  State_Jump.cpp
  State_MonsterAtk.cpp
  State_MonsterChase.cpp
  State_MonsterDead.cpp
  State_MonsterDynamicMove.cpp
  State_MonsterIdle.cpp
  State_MonsterKnockBack.cpp
  State_MonsterOnDamaged.cpp
  State_MonsterRunAway.cpp
  State_MonsterSpawn.cpp
  State_MonsterWait.cpp
  State_PlayerAttack.cpp
  State_PlayerAvoid.cpp
  State_PlayerDamaged.cpp
  State_PlayerDynamicMove.cpp
  State_PlayerForm.cpp
  State_PlayerGuard.cpp
  State_PlayerIdle.cpp
  State_PlayerInteraction.cpp
  State_PlayerMove.cpp
  State_PlayerSummon.cpp
  SummonMovingParticle.cpp
  TT_Guide.cpp
  TT_NPC0.cpp
  Terrain.cpp
  TerrainTool.cpp
  TestMonster.cpp
  ThinSoldier.cpp
  TreasureBox.cpp
  Trigger.cpp
  UI_BackSimbol.cpp
  UI_BossHP.cpp
  UI_BossHPBar.cpp
  UI_BossHPCnt.cpp
  UI_BossHPCntBack.cpp
  UI_BossName.cpp
  UI_BossTarget.cpp
  UI_Chat.cpp
  UI_Combo.cpp
  UI_ComboBar.cpp
  UI_Command_Weapon.cpp
  UI_FadeOut.cpp
  UI_FormChange.cpp
  UI_FriendIcon.cpp
  UI_GetCenter.cpp
  UI_InvenNum.cpp
  UI_ItemGet.cpp
  UI_ItemIcon.cpp
  UI_Logo.cpp
  UI_Menu.cpp
  UI_MenuNum.cpp
  UI_MenuNum_Shop.cpp
  UI_MiniMap.cpp
  UI_MiniMap_Monster.cpp
  UI_Minigame.cpp
  UI_Minigame_Num.cpp
  UI_Money.cpp
  UI_MoneyBar.cpp
  UI_MonsterHP.cpp
  UI_Normal.cpp
  UI_Num_Manager.cpp
  UI_Number.cpp
  UI_Player_Circle.cpp
  UI_QusetNavi.cpp
  UI_RageGauge.cpp
  UI_StageLogo.cpp
  UI_TBoxOpen.cpp
  UI_Target.cpp
  UI_TextCommand.cpp
  UI_TextQuickSlot.cpp
  UI_Tip.cpp
  UI_Tip_Down.cpp
  UI_bt_Command.cpp
  Water.cpp
  Client.cpp
  Client.vcxproj -> C:\Users\kin23\OneDrive\바탕 화면\쥬신수업\프로젝트\KingdomHearts3\Client\Default\../Bin/Client.exe
  Client.vcxproj -> ../Bin/Client.pdb (Full PDB)
