c:\users\kin23\onedrive\바탕 화면\쥬신수업\프로젝트\kingdomhearts3\engine\default\x64\debug\camera.obj
c:\users\kin23\onedrive\바탕 화면\쥬신수업\프로젝트\kingdomhearts3\engine\default\x64\debug\collision_manager.obj
c:\users\kin23\onedrive\바탕 화면\쥬신수업\프로젝트\kingdomhearts3\engine\default\x64\debug\frustum.obj
c:\users\kin23\onedrive\바탕 화면\쥬신수업\프로젝트\kingdomhearts3\engine\default\x64\debug\hierarchynode.obj
c:\users\kin23\onedrive\바탕 화면\쥬신수업\프로젝트\kingdomhearts3\engine\default\x64\debug\level.obj
c:\users\kin23\onedrive\바탕 화면\쥬신수업\프로젝트\kingdomhearts3\engine\default\x64\debug\meshcontainer.obj
c:\users\kin23\onedrive\바탕 화면\쥬신수업\프로젝트\kingdomhearts3\engine\default\x64\debug\mouse.obj
c:\users\kin23\onedrive\바탕 화면\쥬신수업\프로젝트\kingdomhearts3\engine\default\x64\debug\pipeline.obj
c:\users\kin23\onedrive\바탕 화면\쥬신수업\프로젝트\kingdomhearts3\engine\default\x64\debug\soundmgr.obj
c:\users\kin23\onedrive\바탕 화면\쥬신수업\프로젝트\kingdomhearts3\engine\default\x64\debug\statemachine.obj
c:\users\kin23\onedrive\바탕 화면\쥬신수업\프로젝트\kingdomhearts3\engine\default\x64\debug\timer_manager.obj
c:\users\kin23\onedrive\바탕 화면\쥬신수업\프로젝트\kingdomhearts3\engine\default\x64\debug\vibuffer_cube.obj
c:\users\kin23\onedrive\바탕 화면\쥬신수업\프로젝트\kingdomhearts3\engine\default\x64\debug\vibuffer_point_instance.obj
c:\users\kin23\onedrive\바탕 화면\쥬신수업\프로젝트\kingdomhearts3\engine\default\x64\debug\vibuffer_trail.obj
c:\users\kin23\onedrive\바탕 화면\쥬신수업\프로젝트\kingdomhearts3\engine\default\x64\debug\base.obj
c:\users\kin23\onedrive\바탕 화면\쥬신수업\프로젝트\kingdomhearts3\engine\default\x64\debug\channel.obj
c:\users\kin23\onedrive\바탕 화면\쥬신수업\프로젝트\kingdomhearts3\engine\default\x64\debug\component_manager.obj
c:\users\kin23\onedrive\바탕 화면\쥬신수업\프로젝트\kingdomhearts3\engine\default\x64\debug\gameobject.obj
c:\users\kin23\onedrive\바탕 화면\쥬신수업\프로젝트\kingdomhearts3\engine\default\x64\debug\layer.obj
c:\users\kin23\onedrive\바탕 화면\쥬신수업\프로젝트\kingdomhearts3\engine\default\x64\debug\light_manager.obj
c:\users\kin23\onedrive\바탕 화면\쥬신수업\프로젝트\kingdomhearts3\engine\default\x64\debug\monstercooler.obj
c:\users\kin23\onedrive\바탕 화면\쥬신수업\프로젝트\kingdomhearts3\engine\default\x64\debug\navigation.obj
c:\users\kin23\onedrive\바탕 화면\쥬신수업\프로젝트\kingdomhearts3\engine\default\x64\debug\renderer.obj
c:\users\kin23\onedrive\바탕 화면\쥬신수업\프로젝트\kingdomhearts3\engine\default\x64\debug\status.obj
c:\users\kin23\onedrive\바탕 화면\쥬신수업\프로젝트\kingdomhearts3\engine\default\x64\debug\texture.obj
c:\users\kin23\onedrive\바탕 화면\쥬신수업\프로젝트\kingdomhearts3\engine\default\x64\debug\ui_parents.obj
c:\users\kin23\onedrive\바탕 화면\쥬신수업\프로젝트\kingdomhearts3\engine\default\x64\debug\vibuffer_orthowin.obj
c:\users\kin23\onedrive\바탕 화면\쥬신수업\프로젝트\kingdomhearts3\engine\default\x64\debug\engine_struct.obj
c:\users\kin23\onedrive\바탕 화면\쥬신수업\프로젝트\kingdomhearts3\engine\default\x64\debug\animation.obj
c:\users\kin23\onedrive\바탕 화면\쥬신수업\프로젝트\kingdomhearts3\engine\default\x64\debug\component.obj
c:\users\kin23\onedrive\바탕 화면\쥬신수업\프로젝트\kingdomhearts3\engine\default\x64\debug\debugdraw.obj
c:\users\kin23\onedrive\바탕 화면\쥬신수업\프로젝트\kingdomhearts3\engine\default\x64\debug\gameinstance.obj
c:\users\kin23\onedrive\바탕 화면\쥬신수업\프로젝트\kingdomhearts3\engine\default\x64\debug\item.obj
c:\users\kin23\onedrive\바탕 화면\쥬신수업\프로젝트\kingdomhearts3\engine\default\x64\debug\light.obj
c:\users\kin23\onedrive\바탕 화면\쥬신수업\프로젝트\kingdomhearts3\engine\default\x64\debug\monster.obj
c:\users\kin23\onedrive\바탕 화면\쥬신수업\프로젝트\kingdomhearts3\engine\default\x64\debug\picking.obj
c:\users\kin23\onedrive\바탕 화면\쥬신수업\프로젝트\kingdomhearts3\engine\default\x64\debug\shader.obj
c:\users\kin23\onedrive\바탕 화면\쥬신수업\프로젝트\kingdomhearts3\engine\default\x64\debug\state.obj
c:\users\kin23\onedrive\바탕 화면\쥬신수업\프로젝트\kingdomhearts3\engine\default\x64\debug\timer.obj
c:\users\kin23\onedrive\바탕 화면\쥬신수업\프로젝트\kingdomhearts3\engine\default\x64\debug\vibuffer.obj
c:\users\kin23\onedrive\바탕 화면\쥬신수업\프로젝트\kingdomhearts3\engine\default\x64\debug\vibuffer_rect.obj
c:\users\kin23\onedrive\바탕 화면\쥬신수업\프로젝트\kingdomhearts3\engine\default\x64\debug\vibuffer_triangle.obj
c:\users\kin23\onedrive\바탕 화면\쥬신수업\프로젝트\kingdomhearts3\engine\default\x64\debug\cell.obj
c:\users\kin23\onedrive\바탕 화면\쥬신수업\프로젝트\kingdomhearts3\engine\default\x64\debug\collider.obj
c:\users\kin23\onedrive\바탕 화면\쥬신수업\프로젝트\kingdomhearts3\engine\default\x64\debug\font_manager.obj
c:\users\kin23\onedrive\바탕 화면\쥬신수업\프로젝트\kingdomhearts3\engine\default\x64\debug\graphic_device.obj
c:\users\kin23\onedrive\바탕 화면\쥬신수업\프로젝트\kingdomhearts3\engine\default\x64\debug\input_device.obj
c:\users\kin23\onedrive\바탕 화면\쥬신수업\프로젝트\kingdomhearts3\engine\default\x64\debug\level_manager.obj
c:\users\kin23\onedrive\바탕 화면\쥬신수업\프로젝트\kingdomhearts3\engine\default\x64\debug\model.obj
c:\users\kin23\onedrive\바탕 화면\쥬신수업\프로젝트\kingdomhearts3\engine\default\x64\debug\object_manager.obj
c:\users\kin23\onedrive\바탕 화면\쥬신수업\프로젝트\kingdomhearts3\engine\default\x64\debug\rendertarget.obj
c:\users\kin23\onedrive\바탕 화면\쥬신수업\프로젝트\kingdomhearts3\engine\default\x64\debug\spritefont.obj
c:\users\kin23\onedrive\바탕 화면\쥬신수업\프로젝트\kingdomhearts3\engine\default\x64\debug\target_manager.obj
c:\users\kin23\onedrive\바탕 화면\쥬신수업\프로젝트\kingdomhearts3\engine\default\x64\debug\transform.obj
c:\users\kin23\onedrive\바탕 화면\쥬신수업\프로젝트\kingdomhearts3\engine\default\x64\debug\vibuffer_axis.obj
c:\users\kin23\onedrive\바탕 화면\쥬신수업\프로젝트\kingdomhearts3\engine\default\x64\debug\vibuffer_terrain.obj
c:\users\kin23\onedrive\바탕 화면\쥬신수업\프로젝트\kingdomhearts3\engine\default\x64\debug\vc140.pdb
c:\users\kin23\onedrive\바탕 화면\쥬신수업\프로젝트\kingdomhearts3\engine\bin\shader_deferred.cso
c:\users\kin23\onedrive\바탕 화면\쥬신수업\프로젝트\kingdomhearts3\engine\bin\shader_navigation.cso
c:\users\kin23\onedrive\바탕 화면\쥬신수업\프로젝트\kingdomhearts3\engine\bin\shader_ssao.cso
c:\users\kin23\onedrive\바탕 화면\쥬신수업\프로젝트\kingdomhearts3\engine\bin\engine.lib
c:\users\kin23\onedrive\바탕 화면\쥬신수업\프로젝트\kingdomhearts3\engine\bin\engine.exp
c:\users\kin23\onedrive\바탕 화면\쥬신수업\프로젝트\kingdomhearts3\engine\bin\engine.ilk
c:\users\kin23\onedrive\바탕 화면\쥬신수업\프로젝트\kingdomhearts3\engine\bin\engine.dll
c:\users\kin23\onedrive\바탕 화면\쥬신수업\프로젝트\kingdomhearts3\engine\bin\engine.pdb
c:\users\kin23\onedrive\바탕 화면\쥬신수업\프로젝트\kingdomhearts3\engine\default\x64\debug\vc140.idb
c:\users\kin23\onedrive\바탕 화면\쥬신수업\프로젝트\kingdomhearts3\engine\default\../bin/engine.dll
c:\users\kin23\onedrive\바탕 화면\쥬신수업\프로젝트\kingdomhearts3\engine\default\x64\debug\engine.tlog\cl.command.1.tlog
c:\users\kin23\onedrive\바탕 화면\쥬신수업\프로젝트\kingdomhearts3\engine\default\x64\debug\engine.tlog\cl.read.1.tlog
c:\users\kin23\onedrive\바탕 화면\쥬신수업\프로젝트\kingdomhearts3\engine\default\x64\debug\engine.tlog\cl.write.1.tlog
c:\users\kin23\onedrive\바탕 화면\쥬신수업\프로젝트\kingdomhearts3\engine\default\x64\debug\engine.tlog\engine.write.1u.tlog
c:\users\kin23\onedrive\바탕 화면\쥬신수업\프로젝트\kingdomhearts3\engine\default\x64\debug\engine.tlog\fxc.command.1.tlog
c:\users\kin23\onedrive\바탕 화면\쥬신수업\프로젝트\kingdomhearts3\engine\default\x64\debug\engine.tlog\fxc.read.1.tlog
c:\users\kin23\onedrive\바탕 화면\쥬신수업\프로젝트\kingdomhearts3\engine\default\x64\debug\engine.tlog\fxc.write.1.tlog
c:\users\kin23\onedrive\바탕 화면\쥬신수업\프로젝트\kingdomhearts3\engine\default\x64\debug\engine.tlog\link.command.1.tlog
c:\users\kin23\onedrive\바탕 화면\쥬신수업\프로젝트\kingdomhearts3\engine\default\x64\debug\engine.tlog\link.read.1.tlog
c:\users\kin23\onedrive\바탕 화면\쥬신수업\프로젝트\kingdomhearts3\engine\default\x64\debug\engine.tlog\link.write.1.tlog
